This is pdfTeX, Version 3.141592653-2.6-1.40.23 (MiKTeX 21.8) (preloaded format=latex 2021.9.6)  16 JAN 2022 18:46
entering extended mode
**C:/Users/jamilah/Documents/9_Motor_classification_2018-22/Version2_IEEEAccess
/Paper_version3_FINAL/Version6_IEEEAccess_template_j12m01a22/access/access.tex

(C:/Users/jamilah/Documents/9_Motor_classification_2018-22/Version2_IEEEAccess/
Paper_version3_FINAL/Version6_IEEEAccess_template_j12m01a22/access/access.tex
LaTeX2e <2021-06-01> patch level 1
L3 programming layer <2021-08-27>
(C:\Users\jamilah\AppData\Local\Programs\MiKTeX\tex/latex/base\article.cls
Document Class: article 2021/02/12 v1.4n Standard LaTeX document class
(C:\Users\jamilah\AppData\Local\Programs\MiKTeX\tex/latex/base\size11.clo
File: size11.clo 2021/02/12 v1.4n Standard LaTeX file (size option)
)
\c@part=\count182
\c@section=\count183
\c@subsection=\count184
\c@subsubsection=\count185
\c@paragraph=\count186
\c@subparagraph=\count187
\c@figure=\count188
\c@table=\count189
\abovecaptionskip=\skip47
\belowcaptionskip=\skip48
\bibindent=\dimen138
)
(C:\Users\jamilah\AppData\Local\Programs\MiKTeX\tex/latex/cite\cite.sty
LaTeX Info: Redefining \cite on input line 302.
LaTeX Info: Redefining \nocite on input line 332.
Package: cite 2015/02/27  v 5.5
)
(C:\Users\jamilah\AppData\Local\Programs\MiKTeX\tex/latex/amsmath\amsmath.sty
Package: amsmath 2021/04/20 v2.17j AMS math features
\@mathmargin=\skip49

For additional information on amsmath, use the `?' option.
(C:\Users\jamilah\AppData\Local\Programs\MiKTeX\tex/latex/amsmath\amstext.sty
Package: amstext 2000/06/29 v2.01 AMS text

(C:\Users\jamilah\AppData\Local\Programs\MiKTeX\tex/latex/amsmath\amsgen.sty
File: amsgen.sty 1999/11/30 v2.0 generic functions
\@emptytoks=\toks16
\ex@=\dimen139
))
(C:\Users\jamilah\AppData\Local\Programs\MiKTeX\tex/latex/amsmath\amsbsy.sty
Package: amsbsy 1999/11/29 v1.2d Bold Symbols
\pmbraise@=\dimen140
)
(C:\Users\jamilah\AppData\Local\Programs\MiKTeX\tex/latex/amsmath\amsopn.sty
Package: amsopn 2016/03/08 v2.02 operator names
)
\inf@bad=\count190
LaTeX Info: Redefining \frac on input line 234.
\uproot@=\count191
\leftroot@=\count192
LaTeX Info: Redefining \overline on input line 399.
\classnum@=\count193
\DOTSCASE@=\count194
LaTeX Info: Redefining \ldots on input line 496.
LaTeX Info: Redefining \dots on input line 499.
LaTeX Info: Redefining \cdots on input line 620.
\Mathstrutbox@=\box50
\strutbox@=\box51
\big@size=\dimen141
LaTeX Font Info:    Redeclaring font encoding OML on input line 743.
LaTeX Font Info:    Redeclaring font encoding OMS on input line 744.
\macc@depth=\count195
\c@MaxMatrixCols=\count196
\dotsspace@=\muskip16
\c@parentequation=\count197
\dspbrk@lvl=\count198
\tag@help=\toks17
\row@=\count199
\column@=\count266
\maxfields@=\count267
\andhelp@=\toks18
\eqnshift@=\dimen142
\alignsep@=\dimen143
\tagshift@=\dimen144
\tagwidth@=\dimen145
\totwidth@=\dimen146
\lineht@=\dimen147
\@envbody=\toks19
\multlinegap=\skip50
\multlinetaggap=\skip51
\mathdisplay@stack=\toks20
LaTeX Info: Redefining \[ on input line 2923.
LaTeX Info: Redefining \] on input line 2924.
)
(C:\Users\jamilah\AppData\Local\Programs\MiKTeX\tex/latex/amsfonts\amssymb.sty
Package: amssymb 2013/01/14 v3.01 AMS font symbols

(C:\Users\jamilah\AppData\Local\Programs\MiKTeX\tex/latex/amsfonts\amsfonts.sty
Package: amsfonts 2013/01/14 v3.01 Basic AMSFonts support
\symAMSa=\mathgroup4
\symAMSb=\mathgroup5
LaTeX Font Info:    Redeclaring math symbol \hbar on input line 98.
LaTeX Font Info:    Overwriting math alphabet `\mathfrak' in version `bold'
(Font)                  U/euf/m/n --> U/euf/b/n on input line 106.
))
(C:\Users\jamilah\AppData\Local\Programs\MiKTeX\tex/latex/algorithms\algorithmi
c.sty
Package: algorithmic 2009/08/24 v0.1 Document Style `algorithmic'
 (C:\Users\jamilah\AppData\Local\Programs\MiKTeX\tex/latex/base\ifthen.sty
Package: ifthen 2020/11/24 v1.1c Standard LaTeX ifthen package (DPC)
) (C:\Users\jamilah\AppData\Local\Programs\MiKTeX\tex/latex/graphics\keyval.sty
Package: keyval 2014/10/28 v1.15 key=value parser (DPC)
\KV@toks@=\toks21
)
\c@ALC@unique=\count268
\c@ALC@line=\count269
\c@ALC@rem=\count270
\c@ALC@depth=\count271
\ALC@tlm=\skip52
\algorithmicindent=\skip53
)
(C:\Users\jamilah\AppData\Local\Programs\MiKTeX\tex/latex/graphics\graphicx.sty
Package: graphicx 2020/12/05 v1.2c Enhanced LaTeX Graphics (DPC,SPQR)

(C:\Users\jamilah\AppData\Local\Programs\MiKTeX\tex/latex/graphics\graphics.sty
Package: graphics 2021/03/04 v1.4d Standard LaTeX Graphics (DPC,SPQR)
(C:\Users\jamilah\AppData\Local\Programs\MiKTeX\tex/latex/graphics\trig.sty
Package: trig 2016/01/03 v1.10 sin cos tan (DPC)
)
(C:\Users\jamilah\AppData\Local\Programs\MiKTeX\tex/latex/graphics-cfg\graphics
.cfg
File: graphics.cfg 2016/06/04 v1.11 sample graphics configuration
)
Package graphics Info: Driver file: dvips.def on input line 107.

(C:\Users\jamilah\AppData\Local\Programs\MiKTeX\tex/latex/graphics-def\dvips.de
f
File: dvips.def 2017/06/20 v3.1d Graphics/color driver for dvips
))
\Gin@req@height=\dimen148
\Gin@req@width=\dimen149
)
(C:\Users\jamilah\AppData\Local\Programs\MiKTeX\tex/latex/base\textcomp.sty
Package: textcomp 2020/02/02 v2.0n Standard LaTeX package
)
(C:\Users\jamilah\AppData\Local\Programs\MiKTeX\tex/latex/l3backend\l3backend-d
vips.def
File: l3backend-dvips.def 2021-08-04 L3 backend support: dvips
\l__pdf_internal_box=\box52
\g__pdf_backend_object_int=\count272
\l__pdf_backend_content_box=\box53
\l__pdf_backend_model_box=\box54
\g__pdf_backend_annotation_int=\count273
\g__pdf_backend_link_int=\count274
\g__pdf_backend_link_sf_int=\count275
) (access.aux)
\openout1 = `access.aux'.

LaTeX Font Info:    Checking defaults for OML/cmm/m/it on input line 14.
LaTeX Font Info:    ... okay on input line 14.
LaTeX Font Info:    Checking defaults for OMS/cmsy/m/n on input line 14.
LaTeX Font Info:    ... okay on input line 14.
LaTeX Font Info:    Checking defaults for OT1/cmr/m/n on input line 14.
LaTeX Font Info:    ... okay on input line 14.
LaTeX Font Info:    Checking defaults for T1/cmr/m/n on input line 14.
LaTeX Font Info:    ... okay on input line 14.
LaTeX Font Info:    Checking defaults for TS1/cmr/m/n on input line 14.
LaTeX Font Info:    ... okay on input line 14.
LaTeX Font Info:    Checking defaults for OMX/cmex/m/n on input line 14.
LaTeX Font Info:    ... okay on input line 14.
LaTeX Font Info:    Checking defaults for U/cmr/m/n on input line 14.
LaTeX Font Info:    ... okay on input line 14.
 [1

]
LaTeX Font Info:    Trying to load font information for U+msa on input line 47.


(C:\Users\jamilah\AppData\Local\Programs\MiKTeX\tex/latex/amsfonts\umsa.fd
File: umsa.fd 2013/01/14 v3.01 AMS symbols A
)
LaTeX Font Info:    Trying to load font information for U+msb on input line 47.


(C:\Users\jamilah\AppData\Local\Programs\MiKTeX\tex/latex/amsfonts\umsb.fd
File: umsb.fd 2013/01/14 v3.01 AMS symbols B
)

LaTeX Warning: No \author given.


LaTeX Warning: Citation `b4' on page 2 undefined on input line 53.


LaTeX Warning: Citation `b10' on page 2 undefined on input line 53.


LaTeX Warning: Citation `b18' on page 2 undefined on input line 53.


LaTeX Warning: Citation `b19' on page 2 undefined on input line 53.


LaTeX Warning: Citation `b17' on page 2 undefined on input line 53.


LaTeX Warning: Citation `b17' on page 2 undefined on input line 53.


LaTeX Warning: Citation `b4' on page 2 undefined on input line 53.


LaTeX Warning: Citation `b19' on page 2 undefined on input line 53.


LaTeX Warning: Citation `b11' on page 2 undefined on input line 53.


LaTeX Warning: Citation `b17' on page 2 undefined on input line 53.

[2]

LaTeX Warning: Citation `b7' on page 3 undefined on input line 55.


LaTeX Warning: Citation `b1' on page 3 undefined on input line 55.


LaTeX Warning: Citation `b16' on page 3 undefined on input line 55.


LaTeX Warning: Citation `b24' on page 3 undefined on input line 55.


LaTeX Warning: Citation `b25' on page 3 undefined on input line 55.


LaTeX Warning: Citation `b12' on page 3 undefined on input line 55.


LaTeX Warning: Citation `b3' on page 3 undefined on input line 55.


LaTeX Warning: Citation `b13' on page 3 undefined on input line 55.


LaTeX Warning: Citation `b11' on page 3 undefined on input line 55.


LaTeX Warning: Citation `b19' on page 3 undefined on input line 55.


LaTeX Warning: Citation `b8' on page 3 undefined on input line 57.


LaTeX Warning: Citation `b22' on page 3 undefined on input line 57.


LaTeX Warning: Citation `b9' on page 3 undefined on input line 57.

[3]

LaTeX Warning: Citation `b6' on page 4 undefined on input line 59.


LaTeX Warning: Citation `b14' on page 4 undefined on input line 59.


LaTeX Warning: Citation `b5' on page 4 undefined on input line 59.

[4]
No file access.bbl.
[5] (access.aux)

LaTeX Warning: There were undefined references.

 ) 
Here is how much of TeX's memory you used:
 2266 strings out of 478928
 31573 string characters out of 2851614
 332134 words of memory out of 3000000
 20126 multiletter control sequences out of 15000+600000
 409895 words of font info for 51 fonts, out of 8000000 for 9000
 1141 hyphenation exceptions out of 8191
 57i,6n,66p,3553b,216s stack positions out of 5000i,500n,10000p,200000b,80000s

Output written on access.dvi (5 pages, 16396 bytes).
